\BOOKMARK [0][-]{chapter.1}{\376\377\000I\000n\000t\000r\000o\000d\000u\000z\000i\000o\000n\000e}{}% 1
\BOOKMARK [1][-]{section.1.1}{\376\377\000P\000a\000r\000t\000i\000c\000e\000l\000l\000e\000\040\000E\000n\000e\000r\000g\000e\000t\000i\000c\000h\000e\000\040\000S\000o\000l\000a\000r\000i\000\040\000\050\000S\000E\000P\000\051}{chapter.1}% 2
\BOOKMARK [1][-]{section.1.2}{\376\377\000D\000a\000n\000n\000o\000\040\000d\000a\000\040\000r\000a\000d\000i\000a\000z\000i\000o\000n\000e\000\040\000s\000u\000l\000l\000'\000e\000l\000e\000t\000t\000r\000o\000n\000i\000c\000a}{chapter.1}% 3
\BOOKMARK [1][-]{section.1.3}{\376\377\000M\000i\000s\000s\000i\000o\000n\000e\000\040\000i\000n\000t\000e\000r\000p\000l\000a\000n\000e\000t\000a\000r\000i\000a\000\040\000v\000e\000r\000s\000o\000\040\000M\000a\000r\000t\000e}{chapter.1}% 4
\BOOKMARK [1][-]{section.1.4}{\376\377\000O\000b\000i\000e\000t\000t\000i\000v\000i\000\040\000d\000e\000l\000l\000a\000\040\000t\000e\000s\000i}{chapter.1}% 5
\BOOKMARK [0][-]{chapter.2}{\376\377\000D\000a\000t\000i\000\040\000e\000\040\000a\000n\000a\000l\000i\000s\000i\000\040\000s\000p\000e\000t\000t\000r\000a\000l\000e}{}% 6
\BOOKMARK [1][-]{section.2.1}{\376\377\000D\000a\000t\000i\000\040\000e\000\040\000s\000t\000r\000u\000m\000e\000n\000t\000a\000z\000i\000o\000n\000e}{chapter.2}% 7
\BOOKMARK [1][-]{section.2.2}{\376\377\000S\000e\000l\000e\000z\000i\000o\000n\000e\000\040\0008\000\040\000e\000v\000e\000n\000t\000i\000\040\000S\000E\000P}{chapter.2}% 8
\BOOKMARK [1][-]{section.2.3}{\376\377\000F\000i\000t\000\040\000s\000p\000e\000t\000t\000r\000a\000l\000e}{chapter.2}% 9
\BOOKMARK [0][-]{chapter.3}{\376\377\000C\000a\000l\000c\000o\000l\000o\000\040\000d\000e\000l\000l\000a\000\040\000d\000o\000s\000e\000\040\000S\000R\000N\000I\000E\000L}{}% 10
\BOOKMARK [1][-]{section.3.1}{\376\377\000M\000o\000d\000e\000l\000l\000o\000\040\000s\000i\000m\000u\000l\000a\000z\000i\000o\000n\000e\000\040\000S\000R\000N\000I\000E\000L}{chapter.3}% 11
\BOOKMARK [1][-]{section.3.2}{\376\377\000G\000e\000o\000m\000e\000t\000r\000i\000e\000\040\000e\000\040\000m\000o\000d\000e\000l\000l\000o\000\040\000d\000e\000l\000l\000a\000\040\000s\000o\000n\000d\000a}{chapter.3}% 12
\BOOKMARK [1][-]{section.3.3}{\376\377\000P\000r\000o\000p\000a\000g\000a\000z\000i\000o\000n\000e\000\040\000d\000e\000l\000l\000e\000\040\000i\000n\000c\000e\000r\000t\000e\000z\000z\000e}{chapter.3}% 13
\BOOKMARK [1][-]{section.3.4}{\376\377\000R\000i\000s\000u\000l\000t\000a\000t\000i\000\040\000d\000o\000s\000i\000\040\000s\000t\000i\000m\000a\000t\000e}{chapter.3}% 14
\BOOKMARK [0][-]{chapter.4}{\376\377\000F\000u\000n\000z\000i\000o\000n\000e\000\040\000d\000i\000\040\000t\000r\000a\000s\000f\000e\000r\000i\000m\000e\000n\000t\000o}{}% 15
\BOOKMARK [1][-]{section.4.1}{\376\377\000F\000u\000n\000z\000i\000o\000n\000e\000\040\000d\000o\000s\000e\000-\000f\000l\000u\000e\000n\000z\000a\000\040\000D\000\050\000F\000\051}{chapter.4}% 16
\BOOKMARK [1][-]{section.4.2}{\376\377\000I\000n\000f\000l\000u\000e\000n\000z\000a\000\040\000d\000e\000l\000l\000a\000\040\000m\000e\000t\000r\000i\000c\000a}{chapter.4}% 17
\BOOKMARK [0][-]{chapter.5}{\376\377\000S\000t\000i\000m\000e\000\040\000d\000e\000l\000l\000a\000\040\000d\000o\000s\000e\000\040\000p\000e\000r\000\040\000l\000a\000\040\000m\000i\000s\000s\000i\000o\000n\000e}{}% 18
\BOOKMARK [1][-]{section.5.1}{\376\377\000M\000o\000d\000e\000l\000l\000i\000\040\000p\000r\000o\000b\000a\000b\000i\000l\000i\000s\000t\000i\000c\000i\000\040\000S\000E\000P}{chapter.5}% 19
\BOOKMARK [1][-]{section.5.2}{\376\377\000P\000a\000r\000a\000m\000e\000t\000r\000i\000\040\000m\000i\000s\000s\000i\000o\000n\000i\000s\000t\000i\000c\000i}{chapter.5}% 20
\BOOKMARK [1][-]{section.5.3}{\376\377\000S\000i\000m\000u\000l\000a\000z\000i\000o\000n\000i\000\040\000S\000A\000P\000P\000H\000I\000R\000E}{chapter.5}% 21
\BOOKMARK [1][-]{section.5.4}{\376\377\000V\000a\000l\000i\000d\000a\000z\000i\000o\000n\000e\000\040\000c\000o\000n\000\040\000m\000i\000s\000s\000i\000o\000n\000i\000\040\000r\000e\000a\000l\000i}{chapter.5}% 22
\BOOKMARK [0][-]{chapter.6}{\376\377\000C\000o\000n\000c\000l\000u\000s\000i\000o\000n\000i\000\040\000e\000\040\000m\000i\000g\000l\000i\000o\000r\000a\000m\000e\000n\000t\000i}{}% 23
\BOOKMARK [0][-]{chapter*.3}{\376\377\000B\000i\000b\000l\000i\000o\000g\000r\000a\000f\000i\000a}{}% 24
\BOOKMARK [0][-]{appendix.Alph1}{\376\377\000A\000p\000p\000e\000n\000d\000i\000c\000e}{}% 25
